<?xml version="1.0" encoding="UTF-8"?>
<testsuite xmlns:xsi="http://www.w3.org/2001/XMLSchema-instance" xsi:noNamespaceSchemaLocation="https://maven.apache.org/surefire/maven-surefire-plugin/xsd/surefire-test-report.xsd" version="3.0.2" name="com.makeupbeauty.HomeControllerTests" time="0.049" tests="7" errors="0" skipped="0" failures="0">
  <properties>
    <property name="java.specification.version" value="23"/>
    <property name="sun.jnu.encoding" value="UTF-8"/>
    <property name="java.class.path" value="/Users/nimdulaperera/Documents/Software_Design/NOJAH_development/NOJAH/target/test-classes:/Users/nimdulaperera/Documents/Software_Design/NOJAH_development/NOJAH/target/classes:/Users/nimdulaperera/.m2/repository/org/springframework/boot/spring-boot-starter-thymeleaf/3.4.3/spring-boot-starter-thymeleaf-3.4.3.jar:/Users/nimdulaperera/.m2/repository/org/springframework/boot/spring-boot-starter/3.4.3/spring-boot-starter-3.4.3.jar:/Users/nimdulaperera/.m2/repository/org/springframework/boot/spring-boot/3.4.3/spring-boot-3.4.3.jar:/Users/nimdulaperera/.m2/repository/org/springframework/boot/spring-boot-autoconfigure/3.4.3/spring-boot-autoconfigure-3.4.3.jar:/Users/nimdulaperera/.m2/repository/org/springframework/boot/spring-boot-starter-logging/3.4.3/spring-boot-starter-logging-3.4.3.jar:/Users/nimdulaperera/.m2/repository/ch/qos/logback/logback-classic/1.5.16/logback-classic-1.5.16.jar:/Users/nimdulaperera/.m2/repository/ch/qos/logback/logback-core/1.5.16/logback-core-1.5.16.jar:/Users/nimdulaperera/.m2/repository/org/apache/logging/log4j/log4j-to-slf4j/2.24.3/log4j-to-slf4j-2.24.3.jar:/Users/nimdulaperera/.m2/repository/org/apache/logging/log4j/log4j-api/2.24.3/log4j-api-2.24.3.jar:/Users/nimdulaperera/.m2/repository/org/slf4j/jul-to-slf4j/2.0.16/jul-to-slf4j-2.0.16.jar:/Users/nimdulaperera/.m2/repository/jakarta/annotation/jakarta.annotation-api/2.1.1/jakarta.annotation-api-2.1.1.jar:/Users/nimdulaperera/.m2/repository/org/yaml/snakeyaml/2.3/snakeyaml-2.3.jar:/Users/nimdulaperera/.m2/repository/org/thymeleaf/thymeleaf-spring6/3.1.3.RELEASE/thymeleaf-spring6-3.1.3.RELEASE.jar:/Users/nimdulaperera/.m2/repository/org/thymeleaf/thymeleaf/3.1.3.RELEASE/thymeleaf-3.1.3.RELEASE.jar:/Users/nimdulaperera/.m2/repository/org/attoparser/attoparser/2.0.7.RELEASE/attoparser-2.0.7.RELEASE.jar:/Users/nimdulaperera/.m2/repository/org/unbescape/unbescape/1.1.6.RELEASE/unbescape-1.1.6.RELEASE.jar:/Users/nimdulaperera/.m2/repository/org/slf4j/slf4j-api/2.0.16/slf4j-api-2.0.16.jar:/Users/nimdulaperera/.m2/repository/org/springframework/boot/spring-boot-starter-web/3.4.3/spring-boot-starter-web-3.4.3.jar:/Users/nimdulaperera/.m2/repository/org/springframework/boot/spring-boot-starter-json/3.4.3/spring-boot-starter-json-3.4.3.jar:/Users/nimdulaperera/.m2/repository/com/fasterxml/jackson/core/jackson-databind/2.18.2/jackson-databind-2.18.2.jar:/Users/nimdulaperera/.m2/repository/com/fasterxml/jackson/core/jackson-annotations/2.18.2/jackson-annotations-2.18.2.jar:/Users/nimdulaperera/.m2/repository/com/fasterxml/jackson/core/jackson-core/2.18.2/jackson-core-2.18.2.jar:/Users/nimdulaperera/.m2/repository/com/fasterxml/jackson/datatype/jackson-datatype-jdk8/2.18.2/jackson-datatype-jdk8-2.18.2.jar:/Users/nimdulaperera/.m2/repository/com/fasterxml/jackson/datatype/jackson-datatype-jsr310/2.18.2/jackson-datatype-jsr310-2.18.2.jar:/Users/nimdulaperera/.m2/repository/com/fasterxml/jackson/module/jackson-module-parameter-names/2.18.2/jackson-module-parameter-names-2.18.2.jar:/Users/nimdulaperera/.m2/repository/org/springframework/boot/spring-boot-starter-tomcat/3.4.3/spring-boot-starter-tomcat-3.4.3.jar:/Users/nimdulaperera/.m2/repository/org/apache/tomcat/embed/tomcat-embed-core/10.1.36/tomcat-embed-core-10.1.36.jar:/Users/nimdulaperera/.m2/repository/org/apache/tomcat/embed/tomcat-embed-el/10.1.36/tomcat-embed-el-10.1.36.jar:/Users/nimdulaperera/.m2/repository/org/apache/tomcat/embed/tomcat-embed-websocket/10.1.36/tomcat-embed-websocket-10.1.36.jar:/Users/nimdulaperera/.m2/repository/org/springframework/spring-web/6.2.3/spring-web-6.2.3.jar:/Users/nimdulaperera/.m2/repository/org/springframework/spring-beans/6.2.3/spring-beans-6.2.3.jar:/Users/nimdulaperera/.m2/repository/org/springframework/spring-webmvc/6.2.3/spring-webmvc-6.2.3.jar:/Users/nimdulaperera/.m2/repository/org/springframework/spring-aop/6.2.3/spring-aop-6.2.3.jar:/Users/nimdulaperera/.m2/repository/org/springframework/spring-context/6.2.3/spring-context-6.2.3.jar:/Users/nimdulaperera/.m2/repository/org/springframework/spring-expression/6.2.3/spring-expression-6.2.3.jar:/Users/nimdulaperera/.m2/repository/org/springframework/boot/spring-boot-starter-test/3.4.3/spring-boot-starter-test-3.4.3.jar:/Users/nimdulaperera/.m2/repository/org/springframework/boot/spring-boot-test/3.4.3/spring-boot-test-3.4.3.jar:/Users/nimdulaperera/.m2/repository/org/springframework/boot/spring-boot-test-autoconfigure/3.4.3/spring-boot-test-autoconfigure-3.4.3.jar:/Users/nimdulaperera/.m2/repository/com/jayway/jsonpath/json-path/2.9.0/json-path-2.9.0.jar:/Users/nimdulaperera/.m2/repository/jakarta/xml/bind/jakarta.xml.bind-api/4.0.2/jakarta.xml.bind-api-4.0.2.jar:/Users/nimdulaperera/.m2/repository/jakarta/activation/jakarta.activation-api/2.1.3/jakarta.activation-api-2.1.3.jar:/Users/nimdulaperera/.m2/repository/net/minidev/json-smart/2.5.2/json-smart-2.5.2.jar:/Users/nimdulaperera/.m2/repository/net/minidev/accessors-smart/2.5.2/accessors-smart-2.5.2.jar:/Users/nimdulaperera/.m2/repository/org/ow2/asm/asm/9.7.1/asm-9.7.1.jar:/Users/nimdulaperera/.m2/repository/org/assertj/assertj-core/3.26.3/assertj-core-3.26.3.jar:/Users/nimdulaperera/.m2/repository/net/bytebuddy/byte-buddy/1.15.11/byte-buddy-1.15.11.jar:/Users/nimdulaperera/.m2/repository/org/awaitility/awaitility/4.2.2/awaitility-4.2.2.jar:/Users/nimdulaperera/.m2/repository/org/hamcrest/hamcrest/2.2/hamcrest-2.2.jar:/Users/nimdulaperera/.m2/repository/org/junit/jupiter/junit-jupiter/5.11.4/junit-jupiter-5.11.4.jar:/Users/nimdulaperera/.m2/repository/org/junit/jupiter/junit-jupiter-api/5.11.4/junit-jupiter-api-5.11.4.jar:/Users/nimdulaperera/.m2/repository/org/opentest4j/opentest4j/1.3.0/opentest4j-1.3.0.jar:/Users/nimdulaperera/.m2/repository/org/junit/platform/junit-platform-commons/1.11.4/junit-platform-commons-1.11.4.jar:/Users/nimdulaperera/.m2/repository/org/apiguardian/apiguardian-api/1.1.2/apiguardian-api-1.1.2.jar:/Users/nimdulaperera/.m2/repository/org/junit/jupiter/junit-jupiter-params/5.11.4/junit-jupiter-params-5.11.4.jar:/Users/nimdulaperera/.m2/repository/org/junit/jupiter/junit-jupiter-engine/5.11.4/junit-jupiter-engine-5.11.4.jar:/Users/nimdulaperera/.m2/repository/org/junit/platform/junit-platform-engine/1.11.4/junit-platform-engine-1.11.4.jar:/Users/nimdulaperera/.m2/repository/org/mockito/mockito-core/5.14.2/mockito-core-5.14.2.jar:/Users/nimdulaperera/.m2/repository/net/bytebuddy/byte-buddy-agent/1.15.11/byte-buddy-agent-1.15.11.jar:/Users/nimdulaperera/.m2/repository/org/objenesis/objenesis/3.3/objenesis-3.3.jar:/Users/nimdulaperera/.m2/repository/org/mockito/mockito-junit-jupiter/5.14.2/mockito-junit-jupiter-5.14.2.jar:/Users/nimdulaperera/.m2/repository/org/skyscreamer/jsonassert/1.5.3/jsonassert-1.5.3.jar:/Users/nimdulaperera/.m2/repository/com/vaadin/external/google/android-json/0.0.20131108.vaadin1/android-json-0.0.20131108.vaadin1.jar:/Users/nimdulaperera/.m2/repository/org/springframework/spring-core/6.2.3/spring-core-6.2.3.jar:/Users/nimdulaperera/.m2/repository/org/springframework/spring-jcl/6.2.3/spring-jcl-6.2.3.jar:/Users/nimdulaperera/.m2/repository/org/springframework/spring-test/6.2.3/spring-test-6.2.3.jar:/Users/nimdulaperera/.m2/repository/org/xmlunit/xmlunit-core/2.10.0/xmlunit-core-2.10.0.jar:/Users/nimdulaperera/.m2/repository/org/springframework/boot/spring-boot-starter-actuator/3.4.3/spring-boot-starter-actuator-3.4.3.jar:/Users/nimdulaperera/.m2/repository/org/springframework/boot/spring-boot-actuator-autoconfigure/3.4.3/spring-boot-actuator-autoconfigure-3.4.3.jar:/Users/nimdulaperera/.m2/repository/org/springframework/boot/spring-boot-actuator/3.4.3/spring-boot-actuator-3.4.3.jar:/Users/nimdulaperera/.m2/repository/io/micrometer/micrometer-observation/1.14.4/micrometer-observation-1.14.4.jar:/Users/nimdulaperera/.m2/repository/io/micrometer/micrometer-commons/1.14.4/micrometer-commons-1.14.4.jar:/Users/nimdulaperera/.m2/repository/io/micrometer/micrometer-jakarta9/1.14.4/micrometer-jakarta9-1.14.4.jar:/Users/nimdulaperera/.m2/repository/io/micrometer/micrometer-core/1.14.4/micrometer-core-1.14.4.jar:/Users/nimdulaperera/.m2/repository/org/hdrhistogram/HdrHistogram/2.2.2/HdrHistogram-2.2.2.jar:/Users/nimdulaperera/.m2/repository/org/latencyutils/LatencyUtils/2.0.3/LatencyUtils-2.0.3.jar:/Users/nimdulaperera/.m2/repository/com/opencsv/opencsv/5.7.1/opencsv-5.7.1.jar:/Users/nimdulaperera/.m2/repository/org/apache/commons/commons-lang3/3.17.0/commons-lang3-3.17.0.jar:/Users/nimdulaperera/.m2/repository/org/apache/commons/commons-text/1.10.0/commons-text-1.10.0.jar:/Users/nimdulaperera/.m2/repository/commons-beanutils/commons-beanutils/1.9.4/commons-beanutils-1.9.4.jar:/Users/nimdulaperera/.m2/repository/commons-logging/commons-logging/1.2/commons-logging-1.2.jar:/Users/nimdulaperera/.m2/repository/commons-collections/commons-collections/3.2.2/commons-collections-3.2.2.jar:/Users/nimdulaperera/.m2/repository/org/apache/commons/commons-collections4/4.4/commons-collections4-4.4.jar:"/>
    <property name="java.vm.vendor" value="Homebrew"/>
    <property name="sun.arch.data.model" value="64"/>
    <property name="java.vendor.url" value="https://github.com/Homebrew/homebrew-core/issues"/>
    <property name="user.timezone" value="America/Toronto"/>
    <property name="os.name" value="Mac OS X"/>
    <property name="java.vm.specification.version" value="23"/>
    <property name="sun.java.launcher" value="SUN_STANDARD"/>
    <property name="user.country" value="CA"/>
    <property name="sun.boot.library.path" value="/opt/homebrew/Cellar/openjdk/23.0.2/libexec/openjdk.jdk/Contents/Home/lib"/>
    <property name="sun.java.command" value="/Users/nimdulaperera/Documents/Software_Design/NOJAH_development/NOJAH/target/surefire/surefirebooter-20250327213351980_3.jar /Users/nimdulaperera/Documents/Software_Design/NOJAH_development/NOJAH/target/surefire 2025-03-27T21-33-51_948-jvmRun1 surefire-20250327213351980_1tmp surefire_0-20250327213351980_2tmp"/>
    <property name="http.nonProxyHosts" value="local|*.local|169.254/16|*.169.254/16"/>
    <property name="jdk.debug" value="release"/>
    <property name="surefire.test.class.path" value="/Users/nimdulaperera/Documents/Software_Design/NOJAH_development/NOJAH/target/test-classes:/Users/nimdulaperera/Documents/Software_Design/NOJAH_development/NOJAH/target/classes:/Users/nimdulaperera/.m2/repository/org/springframework/boot/spring-boot-starter-thymeleaf/3.4.3/spring-boot-starter-thymeleaf-3.4.3.jar:/Users/nimdulaperera/.m2/repository/org/springframework/boot/spring-boot-starter/3.4.3/spring-boot-starter-3.4.3.jar:/Users/nimdulaperera/.m2/repository/org/springframework/boot/spring-boot/3.4.3/spring-boot-3.4.3.jar:/Users/nimdulaperera/.m2/repository/org/springframework/boot/spring-boot-autoconfigure/3.4.3/spring-boot-autoconfigure-3.4.3.jar:/Users/nimdulaperera/.m2/repository/org/springframework/boot/spring-boot-starter-logging/3.4.3/spring-boot-starter-logging-3.4.3.jar:/Users/nimdulaperera/.m2/repository/ch/qos/logback/logback-classic/1.5.16/logback-classic-1.5.16.jar:/Users/nimdulaperera/.m2/repository/ch/qos/logback/logback-core/1.5.16/logback-core-1.5.16.jar:/Users/nimdulaperera/.m2/repository/org/apache/logging/log4j/log4j-to-slf4j/2.24.3/log4j-to-slf4j-2.24.3.jar:/Users/nimdulaperera/.m2/repository/org/apache/logging/log4j/log4j-api/2.24.3/log4j-api-2.24.3.jar:/Users/nimdulaperera/.m2/repository/org/slf4j/jul-to-slf4j/2.0.16/jul-to-slf4j-2.0.16.jar:/Users/nimdulaperera/.m2/repository/jakarta/annotation/jakarta.annotation-api/2.1.1/jakarta.annotation-api-2.1.1.jar:/Users/nimdulaperera/.m2/repository/org/yaml/snakeyaml/2.3/snakeyaml-2.3.jar:/Users/nimdulaperera/.m2/repository/org/thymeleaf/thymeleaf-spring6/3.1.3.RELEASE/thymeleaf-spring6-3.1.3.RELEASE.jar:/Users/nimdulaperera/.m2/repository/org/thymeleaf/thymeleaf/3.1.3.RELEASE/thymeleaf-3.1.3.RELEASE.jar:/Users/nimdulaperera/.m2/repository/org/attoparser/attoparser/2.0.7.RELEASE/attoparser-2.0.7.RELEASE.jar:/Users/nimdulaperera/.m2/repository/org/unbescape/unbescape/1.1.6.RELEASE/unbescape-1.1.6.RELEASE.jar:/Users/nimdulaperera/.m2/repository/org/slf4j/slf4j-api/2.0.16/slf4j-api-2.0.16.jar:/Users/nimdulaperera/.m2/repository/org/springframework/boot/spring-boot-starter-web/3.4.3/spring-boot-starter-web-3.4.3.jar:/Users/nimdulaperera/.m2/repository/org/springframework/boot/spring-boot-starter-json/3.4.3/spring-boot-starter-json-3.4.3.jar:/Users/nimdulaperera/.m2/repository/com/fasterxml/jackson/core/jackson-databind/2.18.2/jackson-databind-2.18.2.jar:/Users/nimdulaperera/.m2/repository/com/fasterxml/jackson/core/jackson-annotations/2.18.2/jackson-annotations-2.18.2.jar:/Users/nimdulaperera/.m2/repository/com/fasterxml/jackson/core/jackson-core/2.18.2/jackson-core-2.18.2.jar:/Users/nimdulaperera/.m2/repository/com/fasterxml/jackson/datatype/jackson-datatype-jdk8/2.18.2/jackson-datatype-jdk8-2.18.2.jar:/Users/nimdulaperera/.m2/repository/com/fasterxml/jackson/datatype/jackson-datatype-jsr310/2.18.2/jackson-datatype-jsr310-2.18.2.jar:/Users/nimdulaperera/.m2/repository/com/fasterxml/jackson/module/jackson-module-parameter-names/2.18.2/jackson-module-parameter-names-2.18.2.jar:/Users/nimdulaperera/.m2/repository/org/springframework/boot/spring-boot-starter-tomcat/3.4.3/spring-boot-starter-tomcat-3.4.3.jar:/Users/nimdulaperera/.m2/repository/org/apache/tomcat/embed/tomcat-embed-core/10.1.36/tomcat-embed-core-10.1.36.jar:/Users/nimdulaperera/.m2/repository/org/apache/tomcat/embed/tomcat-embed-el/10.1.36/tomcat-embed-el-10.1.36.jar:/Users/nimdulaperera/.m2/repository/org/apache/tomcat/embed/tomcat-embed-websocket/10.1.36/tomcat-embed-websocket-10.1.36.jar:/Users/nimdulaperera/.m2/repository/org/springframework/spring-web/6.2.3/spring-web-6.2.3.jar:/Users/nimdulaperera/.m2/repository/org/springframework/spring-beans/6.2.3/spring-beans-6.2.3.jar:/Users/nimdulaperera/.m2/repository/org/springframework/spring-webmvc/6.2.3/spring-webmvc-6.2.3.jar:/Users/nimdulaperera/.m2/repository/org/springframework/spring-aop/6.2.3/spring-aop-6.2.3.jar:/Users/nimdulaperera/.m2/repository/org/springframework/spring-context/6.2.3/spring-context-6.2.3.jar:/Users/nimdulaperera/.m2/repository/org/springframework/spring-expression/6.2.3/spring-expression-6.2.3.jar:/Users/nimdulaperera/.m2/repository/org/springframework/boot/spring-boot-starter-test/3.4.3/spring-boot-starter-test-3.4.3.jar:/Users/nimdulaperera/.m2/repository/org/springframework/boot/spring-boot-test/3.4.3/spring-boot-test-3.4.3.jar:/Users/nimdulaperera/.m2/repository/org/springframework/boot/spring-boot-test-autoconfigure/3.4.3/spring-boot-test-autoconfigure-3.4.3.jar:/Users/nimdulaperera/.m2/repository/com/jayway/jsonpath/json-path/2.9.0/json-path-2.9.0.jar:/Users/nimdulaperera/.m2/repository/jakarta/xml/bind/jakarta.xml.bind-api/4.0.2/jakarta.xml.bind-api-4.0.2.jar:/Users/nimdulaperera/.m2/repository/jakarta/activation/jakarta.activation-api/2.1.3/jakarta.activation-api-2.1.3.jar:/Users/nimdulaperera/.m2/repository/net/minidev/json-smart/2.5.2/json-smart-2.5.2.jar:/Users/nimdulaperera/.m2/repository/net/minidev/accessors-smart/2.5.2/accessors-smart-2.5.2.jar:/Users/nimdulaperera/.m2/repository/org/ow2/asm/asm/9.7.1/asm-9.7.1.jar:/Users/nimdulaperera/.m2/repository/org/assertj/assertj-core/3.26.3/assertj-core-3.26.3.jar:/Users/nimdulaperera/.m2/repository/net/bytebuddy/byte-buddy/1.15.11/byte-buddy-1.15.11.jar:/Users/nimdulaperera/.m2/repository/org/awaitility/awaitility/4.2.2/awaitility-4.2.2.jar:/Users/nimdulaperera/.m2/repository/org/hamcrest/hamcrest/2.2/hamcrest-2.2.jar:/Users/nimdulaperera/.m2/repository/org/junit/jupiter/junit-jupiter/5.11.4/junit-jupiter-5.11.4.jar:/Users/nimdulaperera/.m2/repository/org/junit/jupiter/junit-jupiter-api/5.11.4/junit-jupiter-api-5.11.4.jar:/Users/nimdulaperera/.m2/repository/org/opentest4j/opentest4j/1.3.0/opentest4j-1.3.0.jar:/Users/nimdulaperera/.m2/repository/org/junit/platform/junit-platform-commons/1.11.4/junit-platform-commons-1.11.4.jar:/Users/nimdulaperera/.m2/repository/org/apiguardian/apiguardian-api/1.1.2/apiguardian-api-1.1.2.jar:/Users/nimdulaperera/.m2/repository/org/junit/jupiter/junit-jupiter-params/5.11.4/junit-jupiter-params-5.11.4.jar:/Users/nimdulaperera/.m2/repository/org/junit/jupiter/junit-jupiter-engine/5.11.4/junit-jupiter-engine-5.11.4.jar:/Users/nimdulaperera/.m2/repository/org/junit/platform/junit-platform-engine/1.11.4/junit-platform-engine-1.11.4.jar:/Users/nimdulaperera/.m2/repository/org/mockito/mockito-core/5.14.2/mockito-core-5.14.2.jar:/Users/nimdulaperera/.m2/repository/net/bytebuddy/byte-buddy-agent/1.15.11/byte-buddy-agent-1.15.11.jar:/Users/nimdulaperera/.m2/repository/org/objenesis/objenesis/3.3/objenesis-3.3.jar:/Users/nimdulaperera/.m2/repository/org/mockito/mockito-junit-jupiter/5.14.2/mockito-junit-jupiter-5.14.2.jar:/Users/nimdulaperera/.m2/repository/org/skyscreamer/jsonassert/1.5.3/jsonassert-1.5.3.jar:/Users/nimdulaperera/.m2/repository/com/vaadin/external/google/android-json/0.0.20131108.vaadin1/android-json-0.0.20131108.vaadin1.jar:/Users/nimdulaperera/.m2/repository/org/springframework/spring-core/6.2.3/spring-core-6.2.3.jar:/Users/nimdulaperera/.m2/repository/org/springframework/spring-jcl/6.2.3/spring-jcl-6.2.3.jar:/Users/nimdulaperera/.m2/repository/org/springframework/spring-test/6.2.3/spring-test-6.2.3.jar:/Users/nimdulaperera/.m2/repository/org/xmlunit/xmlunit-core/2.10.0/xmlunit-core-2.10.0.jar:/Users/nimdulaperera/.m2/repository/org/springframework/boot/spring-boot-starter-actuator/3.4.3/spring-boot-starter-actuator-3.4.3.jar:/Users/nimdulaperera/.m2/repository/org/springframework/boot/spring-boot-actuator-autoconfigure/3.4.3/spring-boot-actuator-autoconfigure-3.4.3.jar:/Users/nimdulaperera/.m2/repository/org/springframework/boot/spring-boot-actuator/3.4.3/spring-boot-actuator-3.4.3.jar:/Users/nimdulaperera/.m2/repository/io/micrometer/micrometer-observation/1.14.4/micrometer-observation-1.14.4.jar:/Users/nimdulaperera/.m2/repository/io/micrometer/micrometer-commons/1.14.4/micrometer-commons-1.14.4.jar:/Users/nimdulaperera/.m2/repository/io/micrometer/micrometer-jakarta9/1.14.4/micrometer-jakarta9-1.14.4.jar:/Users/nimdulaperera/.m2/repository/io/micrometer/micrometer-core/1.14.4/micrometer-core-1.14.4.jar:/Users/nimdulaperera/.m2/repository/org/hdrhistogram/HdrHistogram/2.2.2/HdrHistogram-2.2.2.jar:/Users/nimdulaperera/.m2/repository/org/latencyutils/LatencyUtils/2.0.3/LatencyUtils-2.0.3.jar:/Users/nimdulaperera/.m2/repository/com/opencsv/opencsv/5.7.1/opencsv-5.7.1.jar:/Users/nimdulaperera/.m2/repository/org/apache/commons/commons-lang3/3.17.0/commons-lang3-3.17.0.jar:/Users/nimdulaperera/.m2/repository/org/apache/commons/commons-text/1.10.0/commons-text-1.10.0.jar:/Users/nimdulaperera/.m2/repository/commons-beanutils/commons-beanutils/1.9.4/commons-beanutils-1.9.4.jar:/Users/nimdulaperera/.m2/repository/commons-logging/commons-logging/1.2/commons-logging-1.2.jar:/Users/nimdulaperera/.m2/repository/commons-collections/commons-collections/3.2.2/commons-collections-3.2.2.jar:/Users/nimdulaperera/.m2/repository/org/apache/commons/commons-collections4/4.4/commons-collections4-4.4.jar:"/>
    <property name="sun.cpu.endian" value="little"/>
    <property name="user.home" value="/Users/nimdulaperera"/>
    <property name="user.language" value="en"/>
    <property name="java.specification.vendor" value="Oracle Corporation"/>
    <property name="java.version.date" value="2025-01-21"/>
    <property name="java.home" value="/opt/homebrew/Cellar/openjdk/23.0.2/libexec/openjdk.jdk/Contents/Home"/>
    <property name="file.separator" value="/"/>
    <property name="basedir" value="/Users/nimdulaperera/Documents/Software_Design/NOJAH_development/NOJAH"/>
    <property name="java.vm.compressedOopsMode" value="Zero based"/>
    <property name="line.separator" value="&#10;"/>
    <property name="java.vm.specification.vendor" value="Oracle Corporation"/>
    <property name="java.specification.name" value="Java Platform API Specification"/>
    <property name="apple.awt.application.name" value="ForkedBooter"/>
    <property name="surefire.real.class.path" value="/Users/nimdulaperera/Documents/Software_Design/NOJAH_development/NOJAH/target/surefire/surefirebooter-20250327213351980_3.jar"/>
    <property name="sun.management.compiler" value="HotSpot 64-Bit Tiered Compilers"/>
    <property name="ftp.nonProxyHosts" value="local|*.local|169.254/16|*.169.254/16"/>
    <property name="java.runtime.version" value="23.0.2"/>
    <property name="user.name" value="nimdulaperera"/>
    <property name="stdout.encoding" value="UTF-8"/>
    <property name="path.separator" value=":"/>
    <property name="os.version" value="15.3.2"/>
    <property name="java.runtime.name" value="OpenJDK Runtime Environment"/>
    <property name="file.encoding" value="UTF-8"/>
    <property name="java.vm.name" value="OpenJDK 64-Bit Server VM"/>
    <property name="java.vendor.version" value="Homebrew"/>
    <property name="localRepository" value="/Users/nimdulaperera/.m2/repository"/>
    <property name="java.vendor.url.bug" value="https://github.com/Homebrew/homebrew-core/issues"/>
    <property name="java.io.tmpdir" value="/var/folders/v4/nd2yvxjs3m7gjtwkplsjjhw80000gn/T/"/>
    <property name="java.version" value="23.0.2"/>
    <property name="user.dir" value="/Users/nimdulaperera/Documents/Software_Design/NOJAH_development/NOJAH"/>
    <property name="os.arch" value="aarch64"/>
    <property name="java.vm.specification.name" value="Java Virtual Machine Specification"/>
    <property name="native.encoding" value="UTF-8"/>
    <property name="java.library.path" value="/Users/nimdulaperera/Library/Java/Extensions:/Library/Java/Extensions:/Network/Library/Java/Extensions:/System/Library/Java/Extensions:/usr/lib/java:."/>
    <property name="java.vm.info" value="mixed mode, sharing"/>
    <property name="stderr.encoding" value="UTF-8"/>
    <property name="java.vendor" value="Homebrew"/>
    <property name="java.vm.version" value="23.0.2"/>
    <property name="sun.io.unicode.encoding" value="UnicodeBig"/>
    <property name="socksNonProxyHosts" value="local|*.local|169.254/16|*.169.254/16"/>
    <property name="java.class.version" value="67.0"/>
  </properties>
  <testcase name="testLogin" classname="com.makeupbeauty.HomeControllerTests" time="0.04">
    <system-out><![CDATA[[Product{id=1, name='Matte Revolution Hydrating Lipstick', brand='Charlotte Tilbury', description='A matte lipstick with hydrating formula.', category='Lip', image='/uploads/1.jpg', labels=[]}, Product{id=2, name='Stay All Day Waterproof Liquid Eye Liner', brand='Stila', description='Waterproof liquid liner.', category='Eye', image='/uploads/2.jpg', labels=[]}, Product{id=3, name='Lip Butter Balm for Hydration & Shine', brand='Summer Fridays', description='A silky vegan balm that hydrates and soothes dry lips in seconds.', category='Lip', image='/uploads/3.jpg', labels=[]}, Product{id=4, name='Hydro Grip 12-Hour Hydrating Gel Skin Tint', brand='Milk Makeup', description='A clean non-comedogenic 12-hour hydrating gel skin tint with triple-powered hyaluronic acid and buildable light-to-medium coverage for a natural dewy finish.', category='Face', image='/uploads/4.jpg', labels=[Natural]}, Product{id=5, name='Lustreglass Sheer-Shine Lipstick', brand='MAC', description='A lightweight raspberry seed- and organic extra-virgin olive oil-infused lipstick that delivers sheer and shiny colour with a long-wearing lustrous finish.', category='Lip', image='/uploads/1741231356446_lipstick.png', labels=[]}, Product{id=6, name='Dew Blush Liquid Cream Blush', brand='Saie', description='A blendable and buildable dewy, liquid cream blush that melts into cheeks for a wash of color.', category='Cheeks', image='/uploads/1743092780132_s2742989-main-zoom.png', labels=[Eco-Friendly]}, Product{id=7, name='Vitamin C Rose Brightening and Firming Face Oil + Squalane', brand='Biossance', description='A powerful, lightweight face oil with vitamin C that visibly brightens, firms, and hydrates to reveal your most radiant-looking skin.', category='Face', image='/uploads/1743092904795_s2382166-main-zoom.png', labels=[Eco-Friendly, Cruelty-Free]}, Product{id=9, name='AdminProduct', brand='Brand', description='Desc', category='Category', image='/uploads/1743125594141_test.jpg', labels=[]}, Product{id=10, name='Name', brand='Brand', description='Description', category='Category', image='/uploads/1743125594144_test.jpg', labels=[]}, Product{id=11, name='AdminProduct', brand='Brand', description='Desc', category='Category', image='/uploads/1743125603194_test.jpg', labels=[]}, Product{id=12, name='Name', brand='Brand', description='Description', category='Category', image='/uploads/1743125603199_test.jpg', labels=[]}]
]]></system-out>
  </testcase>
  <testcase name="testAddFavourite" classname="com.makeupbeauty.HomeControllerTests" time="0.001">
    <system-out><![CDATA[[Product{id=1, name='Matte Revolution Hydrating Lipstick', brand='Charlotte Tilbury', description='A matte lipstick with hydrating formula.', category='Lip', image='/uploads/1.jpg', labels=[]}, Product{id=2, name='Stay All Day Waterproof Liquid Eye Liner', brand='Stila', description='Waterproof liquid liner.', category='Eye', image='/uploads/2.jpg', labels=[]}, Product{id=3, name='Lip Butter Balm for Hydration & Shine', brand='Summer Fridays', description='A silky vegan balm that hydrates and soothes dry lips in seconds.', category='Lip', image='/uploads/3.jpg', labels=[]}, Product{id=4, name='Hydro Grip 12-Hour Hydrating Gel Skin Tint', brand='Milk Makeup', description='A clean non-comedogenic 12-hour hydrating gel skin tint with triple-powered hyaluronic acid and buildable light-to-medium coverage for a natural dewy finish.', category='Face', image='/uploads/4.jpg', labels=[Natural]}, Product{id=5, name='Lustreglass Sheer-Shine Lipstick', brand='MAC', description='A lightweight raspberry seed- and organic extra-virgin olive oil-infused lipstick that delivers sheer and shiny colour with a long-wearing lustrous finish.', category='Lip', image='/uploads/1741231356446_lipstick.png', labels=[]}, Product{id=6, name='Dew Blush Liquid Cream Blush', brand='Saie', description='A blendable and buildable dewy, liquid cream blush that melts into cheeks for a wash of color.', category='Cheeks', image='/uploads/1743092780132_s2742989-main-zoom.png', labels=[Eco-Friendly]}, Product{id=7, name='Vitamin C Rose Brightening and Firming Face Oil + Squalane', brand='Biossance', description='A powerful, lightweight face oil with vitamin C that visibly brightens, firms, and hydrates to reveal your most radiant-looking skin.', category='Face', image='/uploads/1743092904795_s2382166-main-zoom.png', labels=[Eco-Friendly, Cruelty-Free]}, Product{id=9, name='AdminProduct', brand='Brand', description='Desc', category='Category', image='/uploads/1743125594141_test.jpg', labels=[]}, Product{id=10, name='Name', brand='Brand', description='Description', category='Category', image='/uploads/1743125594144_test.jpg', labels=[]}, Product{id=11, name='AdminProduct', brand='Brand', description='Desc', category='Category', image='/uploads/1743125603194_test.jpg', labels=[]}, Product{id=12, name='Name', brand='Brand', description='Description', category='Category', image='/uploads/1743125603199_test.jpg', labels=[]}]
]]></system-out>
  </testcase>
  <testcase name="testFindProduct" classname="com.makeupbeauty.HomeControllerTests" time="0.001">
    <system-out><![CDATA[[Product{id=1, name='Matte Revolution Hydrating Lipstick', brand='Charlotte Tilbury', description='A matte lipstick with hydrating formula.', category='Lip', image='/uploads/1.jpg', labels=[]}, Product{id=2, name='Stay All Day Waterproof Liquid Eye Liner', brand='Stila', description='Waterproof liquid liner.', category='Eye', image='/uploads/2.jpg', labels=[]}, Product{id=3, name='Lip Butter Balm for Hydration & Shine', brand='Summer Fridays', description='A silky vegan balm that hydrates and soothes dry lips in seconds.', category='Lip', image='/uploads/3.jpg', labels=[]}, Product{id=4, name='Hydro Grip 12-Hour Hydrating Gel Skin Tint', brand='Milk Makeup', description='A clean non-comedogenic 12-hour hydrating gel skin tint with triple-powered hyaluronic acid and buildable light-to-medium coverage for a natural dewy finish.', category='Face', image='/uploads/4.jpg', labels=[Natural]}, Product{id=5, name='Lustreglass Sheer-Shine Lipstick', brand='MAC', description='A lightweight raspberry seed- and organic extra-virgin olive oil-infused lipstick that delivers sheer and shiny colour with a long-wearing lustrous finish.', category='Lip', image='/uploads/1741231356446_lipstick.png', labels=[]}, Product{id=6, name='Dew Blush Liquid Cream Blush', brand='Saie', description='A blendable and buildable dewy, liquid cream blush that melts into cheeks for a wash of color.', category='Cheeks', image='/uploads/1743092780132_s2742989-main-zoom.png', labels=[Eco-Friendly]}, Product{id=7, name='Vitamin C Rose Brightening and Firming Face Oil + Squalane', brand='Biossance', description='A powerful, lightweight face oil with vitamin C that visibly brightens, firms, and hydrates to reveal your most radiant-looking skin.', category='Face', image='/uploads/1743092904795_s2382166-main-zoom.png', labels=[Eco-Friendly, Cruelty-Free]}, Product{id=9, name='AdminProduct', brand='Brand', description='Desc', category='Category', image='/uploads/1743125594141_test.jpg', labels=[]}, Product{id=10, name='Name', brand='Brand', description='Description', category='Category', image='/uploads/1743125594144_test.jpg', labels=[]}, Product{id=11, name='AdminProduct', brand='Brand', description='Desc', category='Category', image='/uploads/1743125603194_test.jpg', labels=[]}, Product{id=12, name='Name', brand='Brand', description='Description', category='Category', image='/uploads/1743125603199_test.jpg', labels=[]}]
]]></system-out>
  </testcase>
  <testcase name="testAdminFlow" classname="com.makeupbeauty.HomeControllerTests" time="0.003">
    <system-out><![CDATA[[Product{id=1, name='Matte Revolution Hydrating Lipstick', brand='Charlotte Tilbury', description='A matte lipstick with hydrating formula.', category='Lip', image='/uploads/1.jpg', labels=[]}, Product{id=2, name='Stay All Day Waterproof Liquid Eye Liner', brand='Stila', description='Waterproof liquid liner.', category='Eye', image='/uploads/2.jpg', labels=[]}, Product{id=3, name='Lip Butter Balm for Hydration & Shine', brand='Summer Fridays', description='A silky vegan balm that hydrates and soothes dry lips in seconds.', category='Lip', image='/uploads/3.jpg', labels=[]}, Product{id=4, name='Hydro Grip 12-Hour Hydrating Gel Skin Tint', brand='Milk Makeup', description='A clean non-comedogenic 12-hour hydrating gel skin tint with triple-powered hyaluronic acid and buildable light-to-medium coverage for a natural dewy finish.', category='Face', image='/uploads/4.jpg', labels=[Natural]}, Product{id=5, name='Lustreglass Sheer-Shine Lipstick', brand='MAC', description='A lightweight raspberry seed- and organic extra-virgin olive oil-infused lipstick that delivers sheer and shiny colour with a long-wearing lustrous finish.', category='Lip', image='/uploads/1741231356446_lipstick.png', labels=[]}, Product{id=6, name='Dew Blush Liquid Cream Blush', brand='Saie', description='A blendable and buildable dewy, liquid cream blush that melts into cheeks for a wash of color.', category='Cheeks', image='/uploads/1743092780132_s2742989-main-zoom.png', labels=[Eco-Friendly]}, Product{id=7, name='Vitamin C Rose Brightening and Firming Face Oil + Squalane', brand='Biossance', description='A powerful, lightweight face oil with vitamin C that visibly brightens, firms, and hydrates to reveal your most radiant-looking skin.', category='Face', image='/uploads/1743092904795_s2382166-main-zoom.png', labels=[Eco-Friendly, Cruelty-Free]}, Product{id=9, name='AdminProduct', brand='Brand', description='Desc', category='Category', image='/uploads/1743125594141_test.jpg', labels=[]}, Product{id=10, name='Name', brand='Brand', description='Description', category='Category', image='/uploads/1743125594144_test.jpg', labels=[]}, Product{id=11, name='AdminProduct', brand='Brand', description='Desc', category='Category', image='/uploads/1743125603194_test.jpg', labels=[]}, Product{id=12, name='Name', brand='Brand', description='Description', category='Category', image='/uploads/1743125603199_test.jpg', labels=[]}]
[Natural, Eco-Friendly, Cruelty-Free]
]]></system-out>
  </testcase>
  <testcase name="testAddProduct" classname="com.makeupbeauty.HomeControllerTests" time="0.001">
    <system-out><![CDATA[[Product{id=1, name='Matte Revolution Hydrating Lipstick', brand='Charlotte Tilbury', description='A matte lipstick with hydrating formula.', category='Lip', image='/uploads/1.jpg', labels=[]}, Product{id=2, name='Stay All Day Waterproof Liquid Eye Liner', brand='Stila', description='Waterproof liquid liner.', category='Eye', image='/uploads/2.jpg', labels=[]}, Product{id=3, name='Lip Butter Balm for Hydration & Shine', brand='Summer Fridays', description='A silky vegan balm that hydrates and soothes dry lips in seconds.', category='Lip', image='/uploads/3.jpg', labels=[]}, Product{id=4, name='Hydro Grip 12-Hour Hydrating Gel Skin Tint', brand='Milk Makeup', description='A clean non-comedogenic 12-hour hydrating gel skin tint with triple-powered hyaluronic acid and buildable light-to-medium coverage for a natural dewy finish.', category='Face', image='/uploads/4.jpg', labels=[Natural]}, Product{id=5, name='Lustreglass Sheer-Shine Lipstick', brand='MAC', description='A lightweight raspberry seed- and organic extra-virgin olive oil-infused lipstick that delivers sheer and shiny colour with a long-wearing lustrous finish.', category='Lip', image='/uploads/1741231356446_lipstick.png', labels=[]}, Product{id=6, name='Dew Blush Liquid Cream Blush', brand='Saie', description='A blendable and buildable dewy, liquid cream blush that melts into cheeks for a wash of color.', category='Cheeks', image='/uploads/1743092780132_s2742989-main-zoom.png', labels=[Eco-Friendly]}, Product{id=7, name='Vitamin C Rose Brightening and Firming Face Oil + Squalane', brand='Biossance', description='A powerful, lightweight face oil with vitamin C that visibly brightens, firms, and hydrates to reveal your most radiant-looking skin.', category='Face', image='/uploads/1743092904795_s2382166-main-zoom.png', labels=[Eco-Friendly, Cruelty-Free]}, Product{id=9, name='AdminProduct', brand='Brand', description='Desc', category='Category', image='/uploads/1743125594141_test.jpg', labels=[]}, Product{id=10, name='Name', brand='Brand', description='Description', category='Category', image='/uploads/1743125594144_test.jpg', labels=[]}, Product{id=11, name='AdminProduct', brand='Brand', description='Desc', category='Category', image='/uploads/1743125603194_test.jpg', labels=[]}, Product{id=12, name='Name', brand='Brand', description='Description', category='Category', image='/uploads/1743125603199_test.jpg', labels=[]}, Product{id=13, name='AdminProduct', brand='Brand', description='Desc', category='Category', image='/uploads/1743125632291_test.jpg', labels=[]}]
]]></system-out>
  </testcase>
  <testcase name="testCheckUser" classname="com.makeupbeauty.HomeControllerTests" time="0.001">
    <system-out><![CDATA[[Product{id=1, name='Matte Revolution Hydrating Lipstick', brand='Charlotte Tilbury', description='A matte lipstick with hydrating formula.', category='Lip', image='/uploads/1.jpg', labels=[]}, Product{id=2, name='Stay All Day Waterproof Liquid Eye Liner', brand='Stila', description='Waterproof liquid liner.', category='Eye', image='/uploads/2.jpg', labels=[]}, Product{id=3, name='Lip Butter Balm for Hydration & Shine', brand='Summer Fridays', description='A silky vegan balm that hydrates and soothes dry lips in seconds.', category='Lip', image='/uploads/3.jpg', labels=[]}, Product{id=4, name='Hydro Grip 12-Hour Hydrating Gel Skin Tint', brand='Milk Makeup', description='A clean non-comedogenic 12-hour hydrating gel skin tint with triple-powered hyaluronic acid and buildable light-to-medium coverage for a natural dewy finish.', category='Face', image='/uploads/4.jpg', labels=[Natural]}, Product{id=5, name='Lustreglass Sheer-Shine Lipstick', brand='MAC', description='A lightweight raspberry seed- and organic extra-virgin olive oil-infused lipstick that delivers sheer and shiny colour with a long-wearing lustrous finish.', category='Lip', image='/uploads/1741231356446_lipstick.png', labels=[]}, Product{id=6, name='Dew Blush Liquid Cream Blush', brand='Saie', description='A blendable and buildable dewy, liquid cream blush that melts into cheeks for a wash of color.', category='Cheeks', image='/uploads/1743092780132_s2742989-main-zoom.png', labels=[Eco-Friendly]}, Product{id=7, name='Vitamin C Rose Brightening and Firming Face Oil + Squalane', brand='Biossance', description='A powerful, lightweight face oil with vitamin C that visibly brightens, firms, and hydrates to reveal your most radiant-looking skin.', category='Face', image='/uploads/1743092904795_s2382166-main-zoom.png', labels=[Eco-Friendly, Cruelty-Free]}, Product{id=9, name='AdminProduct', brand='Brand', description='Desc', category='Category', image='/uploads/1743125594141_test.jpg', labels=[]}, Product{id=10, name='Name', brand='Brand', description='Description', category='Category', image='/uploads/1743125594144_test.jpg', labels=[]}, Product{id=11, name='AdminProduct', brand='Brand', description='Desc', category='Category', image='/uploads/1743125603194_test.jpg', labels=[]}, Product{id=12, name='Name', brand='Brand', description='Description', category='Category', image='/uploads/1743125603199_test.jpg', labels=[]}, Product{id=13, name='AdminProduct', brand='Brand', description='Desc', category='Category', image='/uploads/1743125632291_test.jpg', labels=[]}, Product{id=14, name='Name', brand='Brand', description='Description', category='Category', image='/uploads/1743125632293_test.jpg', labels=[]}]
]]></system-out>
  </testcase>
  <testcase name="testWebsiteFlow" classname="com.makeupbeauty.HomeControllerTests" time="0.001">
    <system-out><![CDATA[[Product{id=1, name='Matte Revolution Hydrating Lipstick', brand='Charlotte Tilbury', description='A matte lipstick with hydrating formula.', category='Lip', image='/uploads/1.jpg', labels=[]}, Product{id=2, name='Stay All Day Waterproof Liquid Eye Liner', brand='Stila', description='Waterproof liquid liner.', category='Eye', image='/uploads/2.jpg', labels=[]}, Product{id=3, name='Lip Butter Balm for Hydration & Shine', brand='Summer Fridays', description='A silky vegan balm that hydrates and soothes dry lips in seconds.', category='Lip', image='/uploads/3.jpg', labels=[]}, Product{id=4, name='Hydro Grip 12-Hour Hydrating Gel Skin Tint', brand='Milk Makeup', description='A clean non-comedogenic 12-hour hydrating gel skin tint with triple-powered hyaluronic acid and buildable light-to-medium coverage for a natural dewy finish.', category='Face', image='/uploads/4.jpg', labels=[Natural]}, Product{id=5, name='Lustreglass Sheer-Shine Lipstick', brand='MAC', description='A lightweight raspberry seed- and organic extra-virgin olive oil-infused lipstick that delivers sheer and shiny colour with a long-wearing lustrous finish.', category='Lip', image='/uploads/1741231356446_lipstick.png', labels=[]}, Product{id=6, name='Dew Blush Liquid Cream Blush', brand='Saie', description='A blendable and buildable dewy, liquid cream blush that melts into cheeks for a wash of color.', category='Cheeks', image='/uploads/1743092780132_s2742989-main-zoom.png', labels=[Eco-Friendly]}, Product{id=7, name='Vitamin C Rose Brightening and Firming Face Oil + Squalane', brand='Biossance', description='A powerful, lightweight face oil with vitamin C that visibly brightens, firms, and hydrates to reveal your most radiant-looking skin.', category='Face', image='/uploads/1743092904795_s2382166-main-zoom.png', labels=[Eco-Friendly, Cruelty-Free]}, Product{id=9, name='AdminProduct', brand='Brand', description='Desc', category='Category', image='/uploads/1743125594141_test.jpg', labels=[]}, Product{id=10, name='Name', brand='Brand', description='Description', category='Category', image='/uploads/1743125594144_test.jpg', labels=[]}, Product{id=11, name='AdminProduct', brand='Brand', description='Desc', category='Category', image='/uploads/1743125603194_test.jpg', labels=[]}, Product{id=12, name='Name', brand='Brand', description='Description', category='Category', image='/uploads/1743125603199_test.jpg', labels=[]}, Product{id=13, name='AdminProduct', brand='Brand', description='Desc', category='Category', image='/uploads/1743125632291_test.jpg', labels=[]}, Product{id=14, name='Name', brand='Brand', description='Description', category='Category', image='/uploads/1743125632293_test.jpg', labels=[]}]
Product Labels: []
]]></system-out>
  </testcase>
</testsuite>